<?xml version="1.0" encoding="utf-8"?><testsuites name="pytest tests"><testsuite name="pytest" errors="0" failures="0" skipped="0" tests="11" time="3.254" timestamp="2026-05-14T17:04:34.902698+00:00" hostname="agent-env-25c7e0d5-cea9-4a65-8f2b-3ed69dde1060"><testcase classname="backend.tests.test_auth_invite.TestDemoUsers" name="test_demo_instructor_login" time="0.587" /><testcase classname="backend.tests.test_auth_invite.TestDemoUsers" name="test_demo_student_login" time="0.287" /><testcase classname="backend.tests.test_auth_invite.TestInstructorRegister" name="test_register_with_adi" time="0.350" /><testcase classname="backend.tests.test_auth_invite.TestInstructorRegister" name="test_register_missing_adi_returns_422" time="0.064" /><testcase classname="backend.tests.test_auth_invite.TestInstructorRegister" name="test_register_duplicate_adi_returns_400" time="0.358" /><testcase classname="backend.tests.test_auth_invite.TestInstructorRegister" name="test_register_with_role_field_still_creates_instructor" time="0.289" /><testcase classname="backend.tests.test_auth_invite.TestInviteFlow" name="test_invite_without_auth_401" time="0.063" /><testcase classname="backend.tests.test_auth_invite.TestInviteFlow" name="test_invite_with_student_role_403" time="0.352" /><testcase classname="backend.tests.test_auth_invite.TestInviteFlow" name="test_invite_existing_email_400" time="0.347" /><testcase classname="backend.tests.test_auth_invite.TestInviteFlow" name="test_invite_success_and_preview_and_accept" time="0.477" /><testcase classname="backend.tests.test_auth_invite.TestInviteFlow" name="test_invite_garbage_token_400" time="0.061" /></testsuite></testsuites>