<?xml version="1.0" encoding="utf-8"?><testsuites name="pytest tests"><testsuite name="pytest" errors="0" failures="1" skipped="0" tests="30" time="10.767" timestamp="2026-05-14T14:55:26.954344+00:00" hostname="agent-env-25c7e0d5-cea9-4a65-8f2b-3ed69dde1060"><testcase classname="backend.tests.test_auth.TestHealth" name="test_health_endpoint" time="0.357" /><testcase classname="backend.tests.test_auth.TestHealth" name="test_root_endpoint" time="0.179" /><testcase classname="backend.tests.test_auth.TestLogin" name="test_login_demo_instructor" time="0.428" /><testcase classname="backend.tests.test_auth.TestLogin" name="test_login_demo_student" time="0.413" /><testcase classname="backend.tests.test_auth.TestLogin" name="test_login_email_case_insensitive" time="0.339" /><testcase classname="backend.tests.test_auth.TestLogin" name="test_login_invalid_password" time="0.403" /><testcase classname="backend.tests.test_auth.TestLogin" name="test_login_unknown_user" time="0.132" /><testcase classname="backend.tests.test_auth.TestLogin" name="test_login_missing_fields" time="0.123" /><testcase classname="backend.tests.test_auth.TestMe" name="test_me_with_valid_token" time="0.455" /><testcase classname="backend.tests.test_auth.TestMe" name="test_me_without_token" time="0.119" /><testcase classname="backend.tests.test_auth.TestMe" name="test_me_invalid_token" time="0.115" /><testcase classname="backend.tests.test_auth.TestMe" name="test_me_bad_scheme" time="0.121" /><testcase classname="backend.tests.test_auth.TestRegister" name="test_register_student" time="0.422" /><testcase classname="backend.tests.test_auth.TestRegister" name="test_register_instructor" time="0.472" /><testcase classname="backend.tests.test_auth.TestRegister" name="test_register_duplicate_email" time="0.703" /><testcase classname="backend.tests.test_auth.TestRegister" name="test_register_short_password" time="0.117" /><testcase classname="backend.tests.test_auth.TestRegister" name="test_register_invalid_role" time="0.119" /><testcase classname="backend.tests.test_auth.TestRegister" name="test_register_then_login" time="0.689" /><testcase classname="backend.tests.test_billing.TestSubscriptionFieldInAuth" name="test_login_includes_subscription_status" time="0.800" /><testcase classname="backend.tests.test_billing.TestSubscriptionFieldInAuth" name="test_login_student_subscription_status" time="0.327" /><testcase classname="backend.tests.test_billing.TestSubscriptionFieldInAuth" name="test_me_includes_subscription_status" time="0.447" /><testcase classname="backend.tests.test_billing.TestSubscriptionStatusEndpoint" name="test_returns_status_for_authed_user" time="0.505" /><testcase classname="backend.tests.test_billing.TestSubscriptionStatusEndpoint" name="test_requires_auth" time="0.128" /><testcase classname="backend.tests.test_billing.TestCreateCheckoutSession" name="test_unauth_returns_401" time="0.108" /><testcase classname="backend.tests.test_billing.TestCreateCheckoutSession" name="test_student_forbidden" time="0.423" /><testcase classname="backend.tests.test_billing.TestCreateCheckoutSession" name="test_instructor_gets_stripe_url" time="0.819"><failure message="AssertionError: {&quot;detail&quot;:&quot;Billing not configured&quot;}&#10;assert 500 == 200&#10; +  where 500 = &lt;Response [500]&gt;.status_code">backend/tests/test_billing.py:120: in test_instructor_gets_stripe_url
    assert r.status_code == 200, r.text
E   AssertionError: {"detail":"Billing not configured"}
E   assert 500 == 200
E    +  where 500 = &lt;Response [500]&gt;.status_code</failure></testcase><testcase classname="backend.tests.test_billing.TestCancelMock" name="test_cancel_resets_to_free" time="0.541" /><testcase classname="backend.tests.test_billing.TestCancelMock" name="test_requires_auth" time="0.136" /><testcase classname="backend.tests.test_billing.TestWebhook" name="test_webhook_promotes_user_to_pro" time="0.582" /><testcase classname="backend.tests.test_billing.TestWebhook" name="test_webhook_unknown_event_ok" time="0.161" /></testsuite></testsuites>